----------------------------------------------------------------------------------------------------
-------------------------------------------- MegaLinter --------------------------------------------
----------------------------------------------------------------------------------------------------
 - Image Creation Date: 2022-03-20T11:12:01Z
 - Image Revision: 73bc6eaf7
 - Image Version: v5
----------------------------------------------------------------------------------------------------
The MegaLinter documentation can be found at:
 - https://megalinter.github.io
----------------------------------------------------------------------------------------------------
GITHUB_REPOSITORY: charlierharper/test-repo
GITHUB_REF: refs/pull/6/merge
GITHUB_RUN_ID: 2079704296


Skipped linters: ACTION_ACTIONLINT, ANSIBLE_ANSIBLE_LINT, ARM_ARM_TTK, BASH_EXEC, BASH_SHELLCHECK, BASH_SHFMT, CLOJURE_CLJ_KONDO, CLOUDFORMATION_CFN_LINT, COFFEE_COFFEELINT, COPYPASTE_JSCPD, CPP_CPPLINT, CREDENTIALS_SECRETLINT, CSHARP_DOTNET_FORMAT, CSS_SCSS_LINT, CSS_STYLELINT, C_CPPLINT, DART_DARTANALYZER, DOCKERFILE_DOCKERFILELINT, DOCKERFILE_HADOLINT, EDITORCONFIG_EDITORCONFIG_CHECKER, ENV_DOTENV_LINTER, GHERKIN_GHERKIN_LINT, GIT_GIT_DIFF, GO_GOLANGCI_LINT, GO_REVIVE, GRAPHQL_GRAPHQL_SCHEMA_LINTER, GROOVY_NPM_GROOVY_LINT, HTML_HTMLHINT, JAVASCRIPT_ES, JAVASCRIPT_PRETTIER, JAVASCRIPT_STANDARD, JAVA_CHECKSTYLE, JSON_ESLINT_PLUGIN_JSONC, JSON_JSONLINT, JSON_PRETTIER, JSON_V8R, JSX_ESLINT, KOTLIN_KTLINT, KUBERNETES_KUBECONFORM, KUBERNETES_KUBEVAL, LATEX_CHKTEX, LUA_LUACHECK, MARKDOWN_MARKDOWNLINT, MARKDOWN_MARKDOWN_LINK_CHECK, MARKDOWN_MARKDOWN_TABLE_FORMATTER, MARKDOWN_REMARK_LINT, OPENAPI_SPECTRAL, PERL_PERLCRITIC, PHP_BUILTIN, PHP_PHPCS, PHP_PHPLINT, PHP_PHPSTAN, PHP_PSALM, POWERSHELL_POWERSHELL, PROTOBUF_PROTOLINT, PUPPET_PUPPET_LINT, PYTHON_BANDIT, PYTHON_FLAKE8, PYTHON_MYPY, RAKU_RAKU, RST_RSTCHECK, RST_RSTFMT, RST_RST_LINT, RUBY_RUBOCOP, RUST_CLIPPY, R_LINTR, SALESFORCE_SFDX_SCANNER_APEX, SALESFORCE_SFDX_SCANNER_AURA, SALESFORCE_SFDX_SCANNER_LWC, SCALA_SCALAFIX, SNAKEMAKE_LINT, SNAKEMAKE_SNAKEFMT, SPELL_CSPELL, SPELL_MISSPELL, SQL_SQL_LINT, SQL_TSQLLINT, SWIFT_SWIFTLINT, TEKTON_TEKTON_LINT, TERRAFORM_CHECKOV, TERRAFORM_KICS, TERRAFORM_TERRAFORM_FMT, TERRAFORM_TERRAGRUNT, TERRAFORM_TERRASCAN, TERRAFORM_TFLINT, TSX_ESLINT, TYPESCRIPT_ES, TYPESCRIPT_PRETTIER, TYPESCRIPT_STANDARD, VBDOTNET_DOTNET_FORMAT, XML_XMLLINT, YAML_PRETTIER, YAML_V8R, YAML_YAMLLINT
To receive reports as email, please set variable EMAIL_REPORTER_EMAIL
Listing updated files in [/github/workspace] using git diff.
Modified files:
.github/bad2.py
.github/workflows/main.yml
.github/workflows/megalinter.yml
bad-code.py
report/IDE-config.txt
report/IDE-config/.isort.cfg
report/IDE-config/.python-lint
report/IDE-config/.vscode/extensions.json
report/IDE-config/pyproject.toml
report/linters_logs/SUCCESS-PYTHON_BLACK.log
report/linters_logs/SUCCESS-PYTHON_ISORT.log
report/linters_logs/SUCCESS-PYTHON_PYLINT.log
report/mega-linter.log
report/updated_sources/bad.py
report/updated_sources/bad2.py
report/updated_sources/bad3.py
- File extensions: .py, .sql
- Excluding .gitignored files [0]: 
Kept [4] files on [15] found files

+----MATCHING LINTERS-+----------+----------------+------------+
| Descriptor | Linter | Criteria | Matching files | Format/Fix |
+------------+--------+----------+----------------+------------+
| PYTHON     | pylint | .py      | 4              | no         |
| PYTHON     | black  | .py      | 4              | yes        |
| PYTHON     | isort  | .py      | 4              | yes        |
+------------+--------+----------+----------------+------------+


[1m### Processed [PYTHON] files[0m
- Using [pylint v2.12.2] https://megalinter.github.io/v5/descriptors/python_pylint
- MegaLinter key: [PYTHON_PYLINT]
- Rules config: [.python-lint]
[pylint] bad-code.py
[pylint] report/updated_sources/bad.py
[pylint] report/updated_sources/bad2.py
[pylint] report/updated_sources/bad3.py
[32m✅ Linted [PYTHON] files with [pylint] successfully - (1.23s)[0m
[Text Reporter] Generated TEXT report: /github/workspace/report/linters_logs/SUCCESS-PYTHON_PYLINT.log

[1m### Processed [PYTHON] files[0m
- Using [black v22.1.0] https://megalinter.github.io/v5/descriptors/python_black
- MegaLinter key: [PYTHON_BLACK]
- Rules config: [pyproject.toml]
[36m[black] bad-code.py - FIXED[0m
[black] report/updated_sources/bad.py
[black] report/updated_sources/bad2.py
[black] report/updated_sources/bad3.py
[32m✅ Linted [PYTHON] files with [black] successfully - (0.29s)[0m
[Text Reporter] Generated TEXT report: /github/workspace/report/linters_logs/SUCCESS-PYTHON_BLACK.log

[1m### Processed [PYTHON] files[0m
- Using [isort v5.10.1] https://megalinter.github.io/v5/descriptors/python_isort
- MegaLinter key: [PYTHON_ISORT]
- Rules config: [.isort.cfg]
[36m[isort] bad-code.py - FIXED[0m
[isort] report/updated_sources/bad.py
[isort] report/updated_sources/bad2.py
[isort] report/updated_sources/bad3.py
[32m✅ Linted [PYTHON] files with [isort] successfully - (0.13s)[0m
[Text Reporter] Generated TEXT report: /github/workspace/report/linters_logs/SUCCESS-PYTHON_ISORT.log

+----SUMMARY-+--------+---------------+-------+-------+--------+--------------+
| Descriptor | Linter | Mode          | Files | Fixed | Errors | Elapsed time |
+------------+--------+---------------+-------+-------+--------+--------------+
| ✅ PYTHON  | black  | list_of_files |     4 |     1 |      0 |        0.29s |
| ✅ PYTHON  | isort  | list_of_files |     4 |     1 |      0 |        0.13s |
| ✅ PYTHON  | pylint | list_of_files |     4 |       |      0 |        1.23s |
+------------+--------+---------------+-------+-------+--------+--------------+

Identified PR#6 from environment
[GitHub Comment Reporter] Posted summary as comment on charlierharper/test-repo #PR6
